<?xml version="1.0" encoding="UTF-8" ?>
<testsuite failures="0" time="10.152" errors="0" skipped="0" tests="3" name="org.mmbase.bridge.forms.FormsCloudTest">
  <properties>
    <property name="java.runtime.name" value="Java(TM) SE Runtime Environment"/>
    <property name="sun.boot.library.path" value="/System/Library/Frameworks/JavaVM.framework/Versions/1.6.0/Libraries"/>
    <property name="java.vm.version" value="14.3-b01-101"/>
    <property name="awt.nativeDoubleBuffering" value="true"/>
    <property name="gopherProxySet" value="false"/>
    <property name="mrj.build" value="10M3025"/>
    <property name="java.vm.vendor" value="Apple Inc."/>
    <property name="java.vendor.url" value="http://www.apple.com/"/>
    <property name="path.separator" value=":"/>
    <property name="java.vm.name" value="Java HotSpot(TM) 64-Bit Server VM"/>
    <property name="file.encoding.pkg" value="sun.io"/>
    <property name="java.util.logging.config.file" value="/Users/michiel/mmbase/speeltuin/mihxil/forms/target/test-classes/logging.properties"/>
    <property name="user.country" value=""/>
    <property name="sun.java.launcher" value="SUN_STANDARD"/>
    <property name="sun.os.patch.level" value="unknown"/>
    <property name="java.vm.specification.name" value="Java Virtual Machine Specification"/>
    <property name="user.dir" value="/Users/michiel/mmbase/speeltuin/mihxil/forms"/>
    <property name="java.runtime.version" value="1.6.0_17-b04-248-10M3025"/>
    <property name="java.awt.graphicsenv" value="apple.awt.CGraphicsEnvironment"/>
    <property name="basedir" value="/Users/michiel/mmbase/speeltuin/mihxil/forms"/>
    <property name="java.endorsed.dirs" value="/System/Library/Frameworks/JavaVM.framework/Versions/1.6.0/Home/lib/endorsed"/>
    <property name="os.arch" value="x86_64"/>
    <property name="surefire.real.class.path" value="/var/folders/5Z/5ZpNO2c82Raik++BYnwCxU+++TI/-Tmp-/surefirebooter1771751745383755187.jar"/>
    <property name="java.io.tmpdir" value="/var/folders/5Z/5ZpNO2c82Raik++BYnwCxU+++TI/-Tmp-/"/>
    <property name="line.separator" value="
"/>
    <property name="java.vm.specification.vendor" value="Sun Microsystems Inc."/>
    <property name="os.name" value="Mac OS X"/>
    <property name="sun.jnu.encoding" value="MacRoman"/>
    <property name="java.library.path" value=".:/Users/michiel/Library/Java/Extensions:/Library/Java/Extensions:/System/Library/Java/Extensions:/usr/lib/java"/>
    <property name="surefire.test.class.path" value="/Users/michiel/mmbase/speeltuin/mihxil/forms/target/test-classes:/Users/michiel/mmbase/speeltuin/mihxil/forms/target/classes:/Users/michiel/.m2/repository/junit/junit/4.7/junit-4.7.jar:/Users/michiel/.m2/repository/org/codehaus/btm/btm/1.3.2/btm-1.3.2.jar:/Users/michiel/.m2/repository/org/apache/geronimo/specs/geronimo-jms_1.1_spec/1.0.1/geronimo-jms_1.1_spec-1.0.1.jar:/Users/michiel/.m2/repository/org/apache/geronimo/specs/geronimo-jta_1.0.1B_spec/1.0.1/geronimo-jta_1.0.1B_spec-1.0.1.jar:/Users/michiel/.m2/repository/org/slf4j/slf4j-api/1.5.2/slf4j-api-1.5.2.jar:/Users/michiel/.m2/repository/org/mmbase/mmbase-bridge/2.0-SNAPSHOT/mmbase-bridge-2.0-SNAPSHOT.jar:/Users/michiel/.m2/repository/org/mmbase/mmbase-utils/2.0-SNAPSHOT/mmbase-utils-2.0-SNAPSHOT.jar:/Users/michiel/.m2/repository/commons-fileupload/commons-fileupload/1.2.1/commons-fileupload-1.2.1.jar:/Users/michiel/.m2/repository/commons-io/commons-io/1.3.2/commons-io-1.3.2.jar:/Users/michiel/.m2/repository/javax/servlet/jsp/jsp-api/2.1/jsp-api-2.1.jar:/Users/michiel/.m2/repository/javax/servlet/servlet-api/2.5/servlet-api-2.5.jar:/Users/michiel/.m2/repository/javax/servlet/jstl/1.2/jstl-1.2.jar:"/>
    <property name="java.specification.name" value="Java Platform API Specification"/>
    <property name="java.class.version" value="50.0"/>
    <property name="sun.management.compiler" value="HotSpot 64-Bit Server Compiler"/>
    <property name="mmbase.defaultcloudcontext" value="mock:local"/>
    <property name="os.version" value="10.6.3"/>
    <property name="http.nonProxyHosts" value="local|*.local|169.254/16|*.169.254/16"/>
    <property name="user.home" value="/Users/michiel"/>
    <property name="user.timezone" value="Europe/Amsterdam"/>
    <property name="java.awt.printerjob" value="apple.awt.CPrinterJob"/>
    <property name="java.specification.version" value="1.6"/>
    <property name="file.encoding" value="MacRoman"/>
    <property name="user.name" value="michiel"/>
    <property name="java.class.path" value="/Users/michiel/mmbase/speeltuin/mihxil/forms/target/test-classes:/Users/michiel/mmbase/speeltuin/mihxil/forms/target/classes:/Users/michiel/.m2/repository/junit/junit/4.7/junit-4.7.jar:/Users/michiel/.m2/repository/org/codehaus/btm/btm/1.3.2/btm-1.3.2.jar:/Users/michiel/.m2/repository/org/apache/geronimo/specs/geronimo-jms_1.1_spec/1.0.1/geronimo-jms_1.1_spec-1.0.1.jar:/Users/michiel/.m2/repository/org/apache/geronimo/specs/geronimo-jta_1.0.1B_spec/1.0.1/geronimo-jta_1.0.1B_spec-1.0.1.jar:/Users/michiel/.m2/repository/org/slf4j/slf4j-api/1.5.2/slf4j-api-1.5.2.jar:/Users/michiel/.m2/repository/org/mmbase/mmbase-bridge/2.0-SNAPSHOT/mmbase-bridge-2.0-SNAPSHOT.jar:/Users/michiel/.m2/repository/org/mmbase/mmbase-utils/2.0-SNAPSHOT/mmbase-utils-2.0-SNAPSHOT.jar:/Users/michiel/.m2/repository/commons-fileupload/commons-fileupload/1.2.1/commons-fileupload-1.2.1.jar:/Users/michiel/.m2/repository/commons-io/commons-io/1.3.2/commons-io-1.3.2.jar:/Users/michiel/.m2/repository/javax/servlet/jsp/jsp-api/2.1/jsp-api-2.1.jar:/Users/michiel/.m2/repository/javax/servlet/servlet-api/2.5/servlet-api-2.5.jar:/Users/michiel/.m2/repository/javax/servlet/jstl/1.2/jstl-1.2.jar:"/>
    <property name="java.vm.specification.version" value="1.0"/>
    <property name="sun.arch.data.model" value="64"/>
    <property name="java.home" value="/System/Library/Frameworks/JavaVM.framework/Versions/1.6.0/Home"/>
    <property name="java.specification.vendor" value="Sun Microsystems Inc."/>
    <property name="user.language" value="en"/>
    <property name="surefire.fork.vmargs" value="-ea"/>
    <property name="awt.toolkit" value="apple.awt.CToolkit"/>
    <property name="java.vm.info" value="mixed mode"/>
    <property name="java.version" value="1.6.0_17"/>
    <property name="java.ext.dirs" value="/Users/michiel/Library/Java/Extensions:/Library/Java/Extensions:/System/Library/Java/Extensions:/System/Library/Frameworks/JavaVM.framework/Versions/1.6.0/Home/lib/ext"/>
    <property name="sun.boot.class.path" value="/System/Library/Frameworks/JavaVM.framework/Versions/1.6.0/Classes/jsfd.jar:/System/Library/Frameworks/JavaVM.framework/Versions/1.6.0/Classes/classes.jar:/System/Library/Frameworks/JavaVM.framework/Frameworks/JavaRuntimeSupport.framework/Resources/Java/JavaRuntimeSupport.jar:/System/Library/Frameworks/JavaVM.framework/Versions/1.6.0/Classes/ui.jar:/System/Library/Frameworks/JavaVM.framework/Versions/1.6.0/Classes/laf.jar:/System/Library/Frameworks/JavaVM.framework/Versions/1.6.0/Classes/sunrsasign.jar:/System/Library/Frameworks/JavaVM.framework/Versions/1.6.0/Classes/jsse.jar:/System/Library/Frameworks/JavaVM.framework/Versions/1.6.0/Classes/jce.jar:/System/Library/Frameworks/JavaVM.framework/Versions/1.6.0/Classes/charsets.jar"/>
    <property name="java.vendor" value="Apple Inc."/>
    <property name="java.awt.headless" value="true"/>
    <property name="localRepository" value="/Users/michiel/.m2/repository"/>
    <property name="file.separator" value="/"/>
    <property name="java.vendor.url.bug" value="http://bugreport.apple.com/"/>
    <property name="sun.cpu.endian" value="little"/>
    <property name="sun.io.unicode.encoding" value="UnicodeLittle"/>
    <property name="mrj.version" value="1060.1.6.0_17-248"/>
    <property name="socksNonProxyHosts" value="local|*.local|169.254/16|*.169.254/16"/>
    <property name="ftp.nonProxyHosts" value="local|*.local|169.254/16|*.169.254/16"/>
    <property name="sun.cpu.isalist" value=""/>
  </properties>
  <testcase time="2.839" classname="org.mmbase.bridge.forms.FormsCloudTest" name="wrappedForm"/>
  <testcase time="0.032" classname="org.mmbase.bridge.forms.FormsCloudTest" name="wrappedNode"/>
  <testcase time="0.007" classname="org.mmbase.bridge.forms.FormsCloudTest" name="transaction"/>
</testsuite>